<?xml version="1.0" encoding="UTF-8"?>
<!-- Generated by org.testng.reporters.JUnitXMLReporter -->
<testsuite hostname="DESKTOP-KUDGUH6" ignored="0" name="企业券-正常和超额企业转账" tests="2" failures="2" timestamp="24 十二月 2018 09:11:37 GMT" time="27.078" errors="0">
  <testcase name="transfer" time="9.024" classname="com.ui.cases.tvip_qyq.transferCase">
    <failure type="java.lang.NullPointerException">
      <![CDATA[java.lang.NullPointerException
	at com.ui.base.Base.getText(Base.java:237)
	at com.ui.cases.tvip_qyq.transferCase.transfer(transferCase.java:30)
	at com.sun.proxy.$Proxy0.invoke(Unknown Source)
... Removed 33 stack frames]]>
    </failure>
  </testcase> <!-- transfer -->
  <testcase name="overtransfer" time="10.029" classname="com.ui.cases.tvip_qyq.transferCase">
    <failure type="java.lang.NullPointerException">
      <![CDATA[java.lang.NullPointerException
	at com.ui.base.Base.getText(Base.java:237)
	at com.ui.cases.tvip_qyq.transferCase.overtransfer(transferCase.java:64)
	at com.sun.proxy.$Proxy0.invoke(Unknown Source)
... Removed 33 stack frames]]>
    </failure>
  </testcase> <!-- overtransfer -->
</testsuite> <!-- 企业券-正常和超额企业转账 -->
