<?xml version="1.0" encoding="UTF-8"?>
<!-- Generated by org.testng.reporters.JUnitXMLReporter -->
<testsuite hostname="DESKTOP-KUDGUH6" ignored="0" name="企业券-出纳冻结和解冻总部司机资金" tests="2" failures="2" timestamp="24 十二月 2018 09:12:36 GMT" time="30.072" errors="0">
  <testcase name="freeze" time="11.023" classname="com.ui.cases.tvip_qyq_check.frozenMoney">
    <failure type="java.lang.NullPointerException">
      <![CDATA[java.lang.NullPointerException
	at com.ui.base.Base.getText(Base.java:237)
	at com.ui.cases.tvip_qyq_check.frozenMoney.freeze(frozenMoney.java:36)
	at com.sun.proxy.$Proxy0.invoke(Unknown Source)
... Removed 33 stack frames]]>
    </failure>
  </testcase> <!-- freeze -->
  <testcase name="unfreeze" time="11.028" classname="com.ui.cases.tvip_qyq_check.frozenMoney">
    <failure type="java.lang.NullPointerException">
      <![CDATA[java.lang.NullPointerException
	at com.ui.base.Base.getText(Base.java:237)
	at com.ui.cases.tvip_qyq_check.frozenMoney.unfreeze(frozenMoney.java:79)
	at com.sun.proxy.$Proxy0.invoke(Unknown Source)
... Removed 33 stack frames]]>
    </failure>
  </testcase> <!-- unfreeze -->
</testsuite> <!-- 企业券-出纳冻结和解冻总部司机资金 -->
