<?xml version="1.0" encoding="UTF-8"?>
<!-- Generated by org.testng.reporters.JUnitXMLReporter -->
<testsuite hostname="DESKTOP-KUDGUH6" ignored="0" name="冻结和解冻总部司机资金" tests="2" failures="2" timestamp="24 十二月 2018 09:00:03 GMT" time="30.075" errors="0">
  <testcase name="freeze" time="11.027" classname="com.ui.cases.tvip.frozenMoney">
    <failure type="java.lang.NullPointerException">
      <![CDATA[java.lang.NullPointerException
	at com.ui.base.Base.getText(Base.java:237)
	at com.ui.cases.tvip.frozenMoney.freeze(frozenMoney.java:36)
	at com.sun.proxy.$Proxy0.invoke(Unknown Source)
... Removed 33 stack frames]]>
    </failure>
  </testcase> <!-- freeze -->
  <testcase name="unfreeze" time="11.024" classname="com.ui.cases.tvip.frozenMoney">
    <failure type="java.lang.NullPointerException">
      <![CDATA[java.lang.NullPointerException
	at com.ui.base.Base.getText(Base.java:237)
	at com.ui.cases.tvip.frozenMoney.unfreeze(frozenMoney.java:72)
	at com.sun.proxy.$Proxy0.invoke(Unknown Source)
... Removed 33 stack frames]]>
    </failure>
  </testcase> <!-- unfreeze -->
</testsuite> <!-- 冻结和解冻总部司机资金 -->
