<?xml version="1.0" encoding="UTF-8"?>
<!-- Generated by org.testng.reporters.JUnitXMLReporter -->
<testsuite hostname="DESKTOP-KUDGUH6" ignored="0" name="出纳机构司机充值,重复，超额" tests="2" failures="2" timestamp="24 十二月 2018 09:04:45 GMT" time="29.087" errors="0">
  <testcase name="chargeSuccess" time="11.029" classname="com.ui.cases.tvip_check.chargeOrangeDriver">
    <failure type="java.lang.NullPointerException">
      <![CDATA[java.lang.NullPointerException
	at com.ui.base.Base.getText(Base.java:237)
	at com.ui.cases.tvip_check.chargeOrangeDriver.chargeSuccess(chargeOrangeDriver.java:35)
	at com.sun.proxy.$Proxy0.invoke(Unknown Source)
... Removed 33 stack frames]]>
    </failure>
  </testcase> <!-- chargeSuccess -->
  <testcase name="overchargeFail" time="10.028" classname="com.ui.cases.tvip_check.chargeOrangeDriver">
    <failure type="java.lang.NullPointerException">
      <![CDATA[java.lang.NullPointerException
	at com.ui.base.Base.getText(Base.java:237)
	at com.ui.cases.tvip_check.chargeOrangeDriver.overchargeFail(chargeOrangeDriver.java:94)
	at com.sun.proxy.$Proxy0.invoke(Unknown Source)
... Removed 33 stack frames]]>
    </failure>
  </testcase> <!-- overchargeFail -->
</testsuite> <!-- 出纳机构司机充值,重复，超额 -->
