<?xml version="1.0" encoding="UTF-8"?>
<!-- Generated by org.testng.reporters.JUnitXMLReporter -->
<testsuite hostname="DESKTOP-KUDGUH6" ignored="0" name="出纳机构司机冻结和解冻司机资金" tests="2" failures="2" timestamp="24 十二月 2018 09:05:39 GMT" time="30.082" errors="0">
  <testcase name="freeze" time="11.033" classname="com.ui.cases.tvip_check.frozenOrganDriver">
    <failure type="java.lang.NullPointerException">
      <![CDATA[java.lang.NullPointerException
	at com.ui.base.Base.getText(Base.java:237)
	at com.ui.cases.tvip_check.frozenOrganDriver.freeze(frozenOrganDriver.java:35)
	at com.sun.proxy.$Proxy0.invoke(Unknown Source)
... Removed 33 stack frames]]>
    </failure>
  </testcase> <!-- freeze -->
  <testcase name="unfreeze" time="11.023" classname="com.ui.cases.tvip_check.frozenOrganDriver">
    <failure type="java.lang.NullPointerException">
      <![CDATA[java.lang.NullPointerException
	at com.ui.base.Base.getText(Base.java:237)
	at com.ui.cases.tvip_check.frozenOrganDriver.unfreeze(frozenOrganDriver.java:71)
	at com.sun.proxy.$Proxy0.invoke(Unknown Source)
... Removed 33 stack frames]]>
    </failure>
  </testcase> <!-- unfreeze -->
</testsuite> <!-- 出纳机构司机冻结和解冻司机资金 -->
