<?xml version="1.0" encoding="UTF-8"?>
<!-- Generated by org.testng.reporters.JUnitXMLReporter -->
<testsuite hostname="DESKTOP-KUDGUH6" ignored="0" name="出纳正常和超额机构充值" tests="2" failures="2" timestamp="24 十二月 2018 09:06:07 GMT" time="28.08" errors="0">
  <testcase name="chargeOrgan" time="10.027" classname="com.ui.cases.tvip_check.chargeOrgan">
    <failure type="java.lang.NullPointerException">
      <![CDATA[java.lang.NullPointerException
	at com.ui.base.Base.getText(Base.java:237)
	at com.ui.cases.tvip_check.chargeOrgan.chargeOrgan(chargeOrgan.java:30)
	at com.sun.proxy.$Proxy0.invoke(Unknown Source)
... Removed 33 stack frames]]>
    </failure>
  </testcase> <!-- chargeOrgan -->
  <testcase name="overchargeOrgan" time="10.027" classname="com.ui.cases.tvip_check.chargeOrgan">
    <failure type="java.lang.NullPointerException">
      <![CDATA[java.lang.NullPointerException
	at com.ui.base.Base.getText(Base.java:237)
	at com.ui.cases.tvip_check.chargeOrgan.overchargeOrgan(chargeOrgan.java:78)
	at com.sun.proxy.$Proxy0.invoke(Unknown Source)
... Removed 33 stack frames]]>
    </failure>
  </testcase> <!-- overchargeOrgan -->
</testsuite> <!-- 出纳正常和超额机构充值 -->
