<?xml version="1.0" encoding="UTF-8"?>
<!-- Generated by org.testng.reporters.JUnitXMLReporter -->
<testsuite hostname="DESKTOP-KUDGUH6" ignored="0" name="总部司机正常,重复，超额充值" tests="3" failures="3" timestamp="24 十二月 2018 08:58:55 GMT" time="60.502" errors="0">
  <testcase name="chargeSuccess" time="27.601" classname="com.ui.cases.tvip.chargeCase">
    <failure type="org.openqa.selenium.InvalidElementStateException" message="invalid element state: Element is not currently interactable and may not be manipulated
  (Session info: chrome=70.0.3538.77)
  (Driver info: chromedriver=2.38.552522 (437e6fbedfa8762dec75e2c5b3ddb86763dc9dcb),platform=Windows NT 10.0.17134 x86_64) (WARNING: The server did not provide any stacktrace information)
Command duration or timeout: 0 milliseconds
Build info: version: &amp;apos;3.5.1&amp;apos;, revision: &amp;apos;9c21bb67ef&amp;apos;, time: &amp;apos;2017-08-17T15:26:08.955Z&amp;apos;
System info: host: &amp;apos;DESKTOP-KUDGUH6&amp;apos;, ip: &amp;apos;192.168.1.36&amp;apos;, os.name: &amp;apos;Windows 10&amp;apos;, os.arch: &amp;apos;amd64&amp;apos;, os.version: &amp;apos;10.0&amp;apos;, java.version: &amp;apos;1.8.0_171&amp;apos;
Driver info: org.openqa.selenium.chrome.ChromeDriver
Capabilities [{mobileEmulationEnabled=false, hasTouchScreen=false, platform=XP, acceptSslCerts=false, acceptInsecureCerts=false, webStorageEnabled=true, browserName=chrome, takesScreenshot=true, javascriptEnabled=true, setWindowRect=true, unexpectedAlertBehaviour=, applicationCacheEnabled=false, rotatable=false, networkConnectionEnabled=false, chrome={chromedriverVersion=2.38.552522 (437e6fbedfa8762dec75e2c5b3ddb86763dc9dcb), userDataDir=C:\Users\Lenovo\AppData\Local\Temp\scoped_dir41184_21470}, takesHeapSnapshot=true, pageLoadStrategy=normal, unhandledPromptBehavior=, databaseEnabled=false, handlesAlerts=true, version=70.0.3538.77, browserConnectionEnabled=false, nativeEvents=true, locationContextEnabled=true, cssSelectorsEnabled=true}]
Session ID: 6cc5439fab1fc059a1cefff8b6bbf6b2">
      <![CDATA[org.openqa.selenium.InvalidElementStateException: invalid element state: Element is not currently interactable and may not be manipulated
  (Session info: chrome=70.0.3538.77)
  (Driver info: chromedriver=2.38.552522 (437e6fbedfa8762dec75e2c5b3ddb86763dc9dcb),platform=Windows NT 10.0.17134 x86_64) (WARNING: The server did not provide any stacktrace information)
Command duration or timeout: 0 milliseconds
Build info: version: '3.5.1', revision: '9c21bb67ef', time: '2017-08-17T15:26:08.955Z'
System info: host: 'DESKTOP-KUDGUH6', ip: '192.168.1.36', os.name: 'Windows 10', os.arch: 'amd64', os.version: '10.0', java.version: '1.8.0_171'
Driver info: org.openqa.selenium.chrome.ChromeDriver
Capabilities [{mobileEmulationEnabled=false, hasTouchScreen=false, platform=XP, acceptSslCerts=false, acceptInsecureCerts=false, webStorageEnabled=true, browserName=chrome, takesScreenshot=true, javascriptEnabled=true, setWindowRect=true, unexpectedAlertBehaviour=, applicationCacheEnabled=false, rotatable=false, networkConnectionEnabled=false, chrome={chromedriverVersion=2.38.552522 (437e6fbedfa8762dec75e2c5b3ddb86763dc9dcb), userDataDir=C:\Users\Lenovo\AppData\Local\Temp\scoped_dir41184_21470}, takesHeapSnapshot=true, pageLoadStrategy=normal, unhandledPromptBehavior=, databaseEnabled=false, handlesAlerts=true, version=70.0.3538.77, browserConnectionEnabled=false, nativeEvents=true, locationContextEnabled=true, cssSelectorsEnabled=true}]
Session ID: 6cc5439fab1fc059a1cefff8b6bbf6b2
	at org.openqa.selenium.remote.ErrorHandler.createThrowable(ErrorHandler.java:215)
	at org.openqa.selenium.remote.ErrorHandler.throwIfResponseFailed(ErrorHandler.java:167)
	at org.openqa.selenium.remote.http.JsonHttpResponseCodec.reconstructValue(JsonHttpResponseCodec.java:40)
	at org.openqa.selenium.remote.http.AbstractHttpResponseCodec.decode(AbstractHttpResponseCodec.java:82)
	at org.openqa.selenium.remote.http.AbstractHttpResponseCodec.decode(AbstractHttpResponseCodec.java:45)
	at org.openqa.selenium.remote.HttpCommandExecutor.execute(HttpCommandExecutor.java:164)
	at org.openqa.selenium.remote.service.DriverCommandExecutor.execute(DriverCommandExecutor.java:82)
	at org.openqa.selenium.remote.RemoteWebDriver.execute(RemoteWebDriver.java:641)
	at org.openqa.selenium.remote.RemoteWebElement.execute(RemoteWebElement.java:275)
	at org.openqa.selenium.remote.RemoteWebElement.clear(RemoteWebElement.java:117)
	at com.ui.base.Base.sendKeys(Base.java:172)
	at com.ui.cases.tvip.chargeCase.chargeSuccess(chargeCase.java:43)
	at com.sun.proxy.$Proxy0.invoke(Unknown Source)
... Removed 37 stack frames]]>
    </failure>
  </testcase> <!-- chargeSuccess -->
  <testcase name="rechargeFail" time="6.11" classname="com.ui.cases.tvip.chargeCase">
    <failure type="java.lang.NullPointerException">
      <![CDATA[java.lang.NullPointerException
	at com.ui.base.Base.getText(Base.java:237)
	at com.ui.cases.tvip.chargeCase.rechargeFail(chargeCase.java:85)
	at com.sun.proxy.$Proxy0.invoke(Unknown Source)
... Removed 33 stack frames]]>
    </failure>
  </testcase> <!-- rechargeFail -->
  <testcase name="overchargeFail" time="10.025" classname="com.ui.cases.tvip.chargeCase">
    <failure type="java.lang.NullPointerException">
      <![CDATA[java.lang.NullPointerException
	at com.ui.base.Base.getText(Base.java:237)
	at com.ui.cases.tvip.chargeCase.overchargeFail(chargeCase.java:133)
	at com.sun.proxy.$Proxy0.invoke(Unknown Source)
... Removed 33 stack frames]]>
    </failure>
  </testcase> <!-- overchargeFail -->
</testsuite> <!-- 总部司机正常,重复，超额充值 -->
