<?xml version="1.0" encoding="UTF-8"?>
<!-- Generated by org.testng.reporters.JUnitXMLReporter -->
<testsuite hostname="DESKTOP-KUDGUH6" ignored="0" name="机构司机撤销待领取" tests="1" failures="1" timestamp="24 十二月 2018 09:01:00 GMT" time="14.048" errors="0">
  <testcase name="revoke" time="10.03" classname="com.ui.cases.tvip.revokeOrganDriver">
    <failure type="java.lang.NullPointerException">
      <![CDATA[java.lang.NullPointerException
	at com.ui.base.Base.getText(Base.java:237)
	at com.ui.cases.tvip.revokeOrganDriver.revoke(revokeOrganDriver.java:28)
	at com.sun.proxy.$Proxy0.invoke(Unknown Source)
... Removed 33 stack frames]]>
    </failure>
  </testcase> <!-- revoke -->
</testsuite> <!-- 机构司机撤销待领取 -->
