<?xml version="1.0" encoding="UTF-8"?>
<!-- Generated by org.testng.reporters.JUnitXMLReporter -->
<testsuite hostname="DESKTOP-KUDGUH6" ignored="0" name="正常和超额回收机构资金" tests="2" failures="2" timestamp="24 十二月 2018 09:02:51 GMT" time="28.078" errors="0">
  <testcase name="backOrgan" time="10.033" classname="com.ui.cases.tvip.backOragnMoney">
    <failure type="java.lang.NullPointerException">
      <![CDATA[java.lang.NullPointerException
	at com.ui.base.Base.getText(Base.java:237)
	at com.ui.cases.tvip.backOragnMoney.backOrgan(backOragnMoney.java:30)
	at com.sun.proxy.$Proxy0.invoke(Unknown Source)
... Removed 33 stack frames]]>
    </failure>
  </testcase> <!-- backOrgan -->
  <testcase name="overbackOrgan" time="10.028" classname="com.ui.cases.tvip.backOragnMoney">
    <failure type="java.lang.NullPointerException">
      <![CDATA[java.lang.NullPointerException
	at com.ui.base.Base.getText(Base.java:237)
	at com.ui.cases.tvip.backOragnMoney.overbackOrgan(backOragnMoney.java:80)
	at com.sun.proxy.$Proxy0.invoke(Unknown Source)
... Removed 33 stack frames]]>
    </failure>
  </testcase> <!-- overbackOrgan -->
</testsuite> <!-- 正常和超额回收机构资金 -->
