<?xml version="1.0" encoding="UTF-8"?>
<!-- Generated by org.testng.reporters.JUnitXMLReporter -->
<testsuite hostname="DESKTOP-KUDGUH6" ignored="0" name="正常和超额机构充值" tests="2" failures="2" timestamp="24 十二月 2018 09:02:23 GMT" time="28.071" errors="0">
  <testcase name="chargeOrgan" time="10.022" classname="com.ui.cases.tvip.chargeOrgan">
    <failure type="java.lang.NullPointerException">
      <![CDATA[java.lang.NullPointerException
	at com.ui.base.Base.getText(Base.java:237)
	at com.ui.cases.tvip.chargeOrgan.chargeOrgan(chargeOrgan.java:29)
	at com.sun.proxy.$Proxy0.invoke(Unknown Source)
... Removed 33 stack frames]]>
    </failure>
  </testcase> <!-- chargeOrgan -->
  <testcase name="overchargeOrgan" time="10.026" classname="com.ui.cases.tvip.chargeOrgan">
    <failure type="java.lang.NullPointerException">
      <![CDATA[java.lang.NullPointerException
	at com.ui.base.Base.getText(Base.java:237)
	at com.ui.cases.tvip.chargeOrgan.overchargeOrgan(chargeOrgan.java:74)
	at com.sun.proxy.$Proxy0.invoke(Unknown Source)
... Removed 33 stack frames]]>
    </failure>
  </testcase> <!-- overchargeOrgan -->
</testsuite> <!-- 正常和超额机构充值 -->
